=========================================================
Job submitted date = Wed 6 Nov 10:26:17 GMT 2024
1 nodes ( 1 processes per node )
1 hosts used: comp95
Job output begins
-----------------

error import control or slycot
Start model in Old Tenpy ....................
An unambitious Multilayered quantum Hall model
	verbose = 3
	 dtype = <class 'float'> (default)
	 Lx = 22
	 layers = [('L', 0)]
	 anisotropy = {} (default)
	Species {name: orb_inds, ...}: {'L': [0]}
	Bands: {'L': LL[0]}
	 bc = periodic (default)
	 boundary_conditions = ('infinite', 3)
	L (number of sites): 3
	 particle_type = F (default)
	 cons_C = total
	 cons_K = False
	 root_config = [0 1 0]
	 mu = None (default)
	 exp_approx = 1in
	 ignore_herm_conj = False (default)
	 Vabcd_filter = {} (default)
INNNBIG
	make_Vmk:
		maxM = 41, maxK = 242, eps = 0.0001
		Making (Gaussian) Coulomb potentials: (mu,nu) = (L,L), v = {'v': 1, 'xi': 6}
		Computing Vmk [a b c d]: 
(0, 0, 0, 0), 
		V(q=0): {('L', 'L'): 3.7599424119465006}
Making MPOgraph1 (with exponential approximation) from Vmk...
	Total norm: 0.7692777037749929
WARNING : /mnt/users/dperkovic/quantum_hall_dmrg/tenpy/tenpy/algorithms/Markov.py:335: FutureWarning: `rcond` parameter will change to the default of machine precision times ``max(M, N)`` where M and N are the input matrix dimensions.
To use the future default and silence this warning we advise to pass `rcond=None`, to keep using the old, explicitly pass `rcond=-1`.
  fit = np.linalg.lstsq(A, seqs.transpose())	# approx Ax = b

	('A', 0, 0, 'a', 0)	#nodes = 7/141, norm err = 0.0000215, 
targets = A0_0_a0 (6.13e-01)
	('a', 0, 1, 'A', 0)	#nodes = 6/136, norm err = 0.0000157, 
targets = A0_1_a0 (3.09e-01)
	('A', 0, 1, 'a', 0)	#nodes = 6/136, norm err = 0.0000157, 
targets = a0_1_A0 (3.09e-01)
	('a', 0, 2, 'A', 0)	#nodes = 4/120, norm err = 0.0000692, 
targets = A0_2_a0 (1.03e-01)
	('A', 0, 2, 'a', 0)	#nodes = 4/120, norm err = 0.0000692, 
targets = a0_2_A0 (1.03e-01)
	('a', 0, 3, 'A', 0)	#nodes = 3/92, norm err = 0.0000186, 
targets = A0_3_a0 (3.87e-02)
	('A', 0, 3, 'a', 0)	#nodes = 3/92, norm err = 0.0000186, 
targets = a0_3_A0 (3.87e-02)
	('a', 0, 4, 'A', 0)	#nodes = 3/66, norm err = 0.0000048, 
targets = A0_4_a0 (1.41e-02)
	('A', 0, 4, 'a', 0)	#nodes = 3/66, norm err = 0.0000048, 
targets = a0_4_A0 (1.41e-02)
	('a', 0, 5, 'A', 0)	#nodes = 2/50, norm err = 0.0000335, 
targets = A0_5_a0 (4.72e-03)
	('A', 0, 5, 'a', 0)	#nodes = 2/50, norm err = 0.0000335, 
targets = a0_5_A0 (4.72e-03)
	('a', 0, 6, 'A', 0)	#nodes = 2/40, norm err = 0.0000071, 
targets = A0_6_a0 (1.41e-03)
	('A', 0, 6, 'a', 0)	#nodes = 2/40, norm err = 0.0000071, 
targets = a0_6_A0 (1.41e-03)
	('a', 0, 7, 'A', 0)	#nodes = 1/32, norm err = 0.0000725, 
targets = A0_7_a0 (3.71e-04)
	('A', 0, 7, 'a', 0)	#nodes = 1/32, norm err = 0.0000725, 
targets = a0_7_A0 (3.71e-04)
	('a', 0, 8, 'A', 0)	#nodes = 1/26, norm err = 0.0000150, 
targets = A0_8_a0 (8.54e-05)
	('A', 0, 8, 'a', 0)	#nodes = 1/26, norm err = 0.0000150, 
targets = a0_8_A0 (8.54e-05)
	('a', 0, 9, 'A', 0)	#nodes = 0/21, norm err = 0.0000171, 
targets = A0_9_a0 (1.71e-05)
	('A', 0, 9, 'a', 0)	#nodes = 0/21, norm err = 0.0000171, 
targets = a0_9_A0 (1.71e-05)
	target fractional error: 0.0001
	Markov approx error, dropped / total norm: 0.00015866087148025518, 4.2458451163939735e-06 / 0.7692777037749929
	# of string-nodes: [36]
	# of Markov-nodes: [51]
	 nnn = None (default)
MPO GRAPH IS CONSTRUCTED, SO NEED TO CONSTRUCT HMPO FROM MPOGRAPH....
Building H_mpo (W) from MPO graph...
site_number= 3
WORKS!
	Building QH_model took 0.4036133289337158 seconds.
Old code finished producing MPO graph ....................
Change the old tenpy MPO graph to new tenpy MPO graph ....................
finished ....................
Initialize states  ....................
row
row
row
row
row
row
row
row
Ordering states ....................
[[["('_a', 0, 8)", 'row'], ["('_A', 0, 8)", 'row']], [["('_a', 0, 8)", 'row'], ["('_A', 0, 8)", 'row']], [["('_a', 0, 8)", 'row'], ["('_A', 0, 8)", 'row']], [["('_a', 0, 8)", 'row'], ["('_A', 0, 8)", 'row']]]
('_a', 0, 8)
('_A', 0, 8)
('_a', 0, 8)
('_A', 0, 8)
('_a', 0, 8)
('_A', 0, 8)
---------------
Job output ends
=========================================================
PBS job: finished date = Wed 6 Nov 21:39:07 GMT 2024
Total run time : 0 Hours 0 Minutes 6 Seconds
=========================================================
